<?xml version="1.0" encoding="UTF-8"?>
<testng-results skipped="0" failed="0" total="1" passed="1">
  <reporter-output>
  </reporter-output>
  <suite name="Default suite" duration-ms="143645" started-at="2016-01-19T12:51:27Z" finished-at="2016-01-19T12:53:50Z">
    <groups>
    </groups>
    <test name="Default test" duration-ms="143645" started-at="2016-01-19T12:51:27Z" finished-at="2016-01-19T12:53:50Z">
      <class name="com.twc.CustomParametersTest.Run_CustomParam">
        <test-method status="PASS" signature="CapabilitesLaunch()[pri:0, instance:com.twc.CustomParametersTest.Run_CustomParam@2752f6e2]" name="CapabilitesLaunch" is-config="true" duration-ms="100257" started-at="2016-01-19T18:21:27Z" finished-at="2016-01-19T18:23:07Z">
          <reporter-output>
          </reporter-output>
        </test-method> <!-- CapabilitesLaunch -->
        <test-method status="PASS" signature="Run_CustomParam_Verification()[pri:0, instance:com.twc.CustomParametersTest.Run_CustomParam@2752f6e2]" name="Run_CustomParam_Verification" duration-ms="43367" started-at="2016-01-19T18:23:07Z" finished-at="2016-01-19T18:23:50Z">
          <reporter-output>
          </reporter-output>
        </test-method> <!-- Run_CustomParam_Verification -->
        <test-method status="PASS" signature="afterTest()[pri:0, instance:com.twc.CustomParametersTest.Run_CustomParam@2752f6e2]" name="afterTest" is-config="true" duration-ms="1" started-at="2016-01-19T18:23:50Z" finished-at="2016-01-19T18:23:50Z">
          <reporter-output>
          </reporter-output>
        </test-method> <!-- afterTest -->
      </class> <!-- com.twc.CustomParametersTest.Run_CustomParam -->
    </test> <!-- Default test -->
  </suite> <!-- Default suite -->
</testng-results>
